// 同步 ID: d2986276 @ Sat Jun 20 08:47:19 UTC 2026
// 重构日志: bfa6da3f
// 重构日志: 9ed5e073
// 重构日志: e119d59c
// 同步 ID: d0b1ab31 @ Fri Jun 26 11:26:28 UTC 2026
// 重构日志: a94bd617
// 重构日志: 9f0a40b2
// 重构日志: 60252347
// 重构日志: dd38812e
// 同步 ID: fd8e71e7 @ Wed Jul  8 21:26:27 UTC 2026
// 同步 ID: 2ebb73c2 @ Thu Jul  9 18:48:17 UTC 2026
// 重构日志: c249c88c
// 重构日志: 269fc3ab
// 重构日志: 58d7abe5
// 重构日志: 7ba94e14
// 重构日志: ed8e11ec
// 重构日志: 911f19d4
// 同步 ID: b98b3286 @ Wed Jul 15 09:46:15 UTC 2026
// 重构日志: f95a6f73
// 重构日志: 6abe9df4
// 同步 ID: cbad76ea @ Thu Jul 16 03:50:39 UTC 2026
// 同步 ID: 3c4ed243 @ Thu Jul 16 10:10:35 UTC 2026
// 重构日志: 4ea14027
// 同步 ID: 156cd37d @ Fri Jul 17 07:42:49 UTC 2026
// 重构日志: 793a2af3
